{"/home/kanz/Documents/Server/app.js": {"path":"/home/kanz/Documents/Server/app.js","statementMap":{"0":{"start":{"line":1,"column":16},"end":{"line":1,"column":34}},"1":{"start":{"line":2,"column":13},"end":{"line":2,"column":28}},"2":{"start":{"line":3,"column":12},"end":{"line":3,"column":49}},"3":{"start":{"line":4,"column":15},"end":{"line":4,"column":34}},"4":{"start":{"line":5,"column":25},"end":{"line":5,"column":63}},"5":{"start":{"line":6,"column":13},"end":{"line":6,"column":37}},"6":{"start":{"line":8,"column":12},"end":{"line":8,"column":21}},"7":{"start":{"line":10,"column":0},"end":{"line":10,"column":15}},"8":{"start":{"line":11,"column":0},"end":{"line":11,"column":23}},"9":{"start":{"line":12,"column":0},"end":{"line":12,"column":47}},"10":{"start":{"line":14,"column":0},"end":{"line":14,"column":20}},"11":{"start":{"line":15,"column":0},"end":{"line":15,"column":21}},"12":{"start":{"line":17,"column":0},"end":{"line":21,"column":1}},"13":{"start":{"line":18,"column":4},"end":{"line":20,"column":6}},"14":{"start":{"line":19,"column":8},"end":{"line":19,"column":45}},"15":{"start":{"line":23,"column":0},"end":{"line":23,"column":20}}},"fnMap":{"0":{"name":"(anonymous_0)","decl":{"start":{"line":18,"column":21},"end":{"line":18,"column":22}},"loc":{"start":{"line":18,"column":27},"end":{"line":20,"column":5}},"line":18}},"branchMap":{"0":{"loc":{"start":{"line":3,"column":12},"end":{"line":3,"column":49}},"type":"binary-expr","locations":[{"start":{"line":3,"column":12},"end":{"line":3,"column":32}},{"start":{"line":3,"column":36},"end":{"line":3,"column":49}}],"line":3},"1":{"loc":{"start":{"line":6,"column":13},"end":{"line":6,"column":37}},"type":"binary-expr","locations":[{"start":{"line":6,"column":13},"end":{"line":6,"column":29}},{"start":{"line":6,"column":33},"end":{"line":6,"column":37}}],"line":6},"2":{"loc":{"start":{"line":17,"column":0},"end":{"line":21,"column":1}},"type":"if","locations":[{"start":{"line":17,"column":0},"end":{"line":21,"column":1}},{"start":{"line":17,"column":0},"end":{"line":21,"column":1}}],"line":17}},"s":{"0":2,"1":2,"2":2,"3":2,"4":2,"5":2,"6":2,"7":2,"8":2,"9":2,"10":2,"11":2,"12":2,"13":0,"14":0,"15":2},"f":{"0":0},"b":{"0":[2,0],"1":[2,2],"2":[0,2]},"_coverageSchema":"1a1c01bbd47fc00a2c39e90264f33305004495a9","hash":"af311c577aa41013b47e74b02038065c2d2def8b"}
,"/home/kanz/Documents/Server/config/config.js": {"path":"/home/kanz/Documents/Server/config/config.js","statementMap":{"0":{"start":{"line":1,"column":12},"end":{"line":1,"column":49}},"1":{"start":{"line":3,"column":0},"end":{"line":3,"column":71}},"2":{"start":{"line":3,"column":45},"end":{"line":3,"column":71}},"3":{"start":{"line":5,"column":17},"end":{"line":5,"column":40}},"4":{"start":{"line":6,"column":17},"end":{"line":6,"column":40}},"5":{"start":{"line":7,"column":16},"end":{"line":7,"column":38}},"6":{"start":{"line":8,"column":13},"end":{"line":8,"column":32}},"7":{"start":{"line":10,"column":0},"end":{"line":28,"column":1}}},"fnMap":{},"branchMap":{"0":{"loc":{"start":{"line":1,"column":12},"end":{"line":1,"column":49}},"type":"binary-expr","locations":[{"start":{"line":1,"column":12},"end":{"line":1,"column":32}},{"start":{"line":1,"column":36},"end":{"line":1,"column":49}}],"line":1},"1":{"loc":{"start":{"line":3,"column":0},"end":{"line":3,"column":71}},"type":"if","locations":[{"start":{"line":3,"column":0},"end":{"line":3,"column":71}},{"start":{"line":3,"column":0},"end":{"line":3,"column":71}}],"line":3},"2":{"loc":{"start":{"line":3,"column":4},"end":{"line":3,"column":43}},"type":"binary-expr","locations":[{"start":{"line":3,"column":4},"end":{"line":3,"column":25}},{"start":{"line":3,"column":29},"end":{"line":3,"column":43}}],"line":3}},"s":{"0":2,"1":2,"2":2,"3":2,"4":2,"5":2,"6":2,"7":2},"f":{},"b":{"0":[2,0],"1":[2,0],"2":[2,2]},"_coverageSchema":"1a1c01bbd47fc00a2c39e90264f33305004495a9","hash":"4d4b609c27cc0b97ea2e38242b977393b5cb477a"}
,"/home/kanz/Documents/Server/controllers/TherapistController.js": {"path":"/home/kanz/Documents/Server/controllers/TherapistController.js","statementMap":{"0":{"start":{"line":1,"column":23},"end":{"line":1,"column":43}},"1":{"start":{"line":2,"column":24},"end":{"line":2,"column":52}},"2":{"start":{"line":3,"column":23},"end":{"line":3,"column":48}},"3":{"start":{"line":7,"column":16},"end":{"line":18,"column":5}},"4":{"start":{"line":19,"column":4},"end":{"line":26,"column":8}},"5":{"start":{"line":21,"column":117},"end":{"line":21,"column":121}},"6":{"start":{"line":22,"column":8},"end":{"line":22,"column":130}},"7":{"start":{"line":25,"column":8},"end":{"line":25,"column":17}},"8":{"start":{"line":31,"column":4},"end":{"line":31,"column":30}},"9":{"start":{"line":32,"column":30},"end":{"line":32,"column":38}},"10":{"start":{"line":33,"column":4},"end":{"line":55,"column":8}},"11":{"start":{"line":37,"column":10},"end":{"line":51,"column":11}},"12":{"start":{"line":38,"column":14},"end":{"line":38,"column":56}},"13":{"start":{"line":40,"column":14},"end":{"line":50,"column":15}},"14":{"start":{"line":42,"column":32},"end":{"line":45,"column":19}},"15":{"start":{"line":46,"column":37},"end":{"line":46,"column":56}},"16":{"start":{"line":47,"column":18},"end":{"line":47,"column":56}},"17":{"start":{"line":49,"column":18},"end":{"line":49,"column":60}},"18":{"start":{"line":54,"column":8},"end":{"line":54,"column":17}},"19":{"start":{"line":59,"column":4},"end":{"line":67,"column":8}},"20":{"start":{"line":63,"column":8},"end":{"line":63,"column":34}},"21":{"start":{"line":66,"column":8},"end":{"line":66,"column":17}},"22":{"start":{"line":71,"column":13},"end":{"line":71,"column":27}},"23":{"start":{"line":72,"column":16},"end":{"line":85,"column":5}},"24":{"start":{"line":86,"column":4},"end":{"line":92,"column":18}},"25":{"start":{"line":90,"column":8},"end":{"line":90,"column":80}},"26":{"start":{"line":96,"column":4},"end":{"line":105,"column":5}},"27":{"start":{"line":97,"column":19},"end":{"line":101,"column":8}},"28":{"start":{"line":102,"column":6},"end":{"line":102,"column":72}},"29":{"start":{"line":104,"column":6},"end":{"line":104,"column":15}},"30":{"start":{"line":110,"column":0},"end":{"line":110,"column":36}}},"fnMap":{"0":{"name":"(anonymous_0)","decl":{"start":{"line":6,"column":2},"end":{"line":6,"column":3}},"loc":{"start":{"line":6,"column":35},"end":{"line":27,"column":3}},"line":6},"1":{"name":"(anonymous_1)","decl":{"start":{"line":20,"column":12},"end":{"line":20,"column":13}},"loc":{"start":{"line":20,"column":20},"end":{"line":23,"column":7}},"line":20},"2":{"name":"(anonymous_2)","decl":{"start":{"line":24,"column":13},"end":{"line":24,"column":14}},"loc":{"start":{"line":24,"column":20},"end":{"line":26,"column":7}},"line":24},"3":{"name":"(anonymous_3)","decl":{"start":{"line":30,"column":2},"end":{"line":30,"column":3}},"loc":{"start":{"line":30,"column":32},"end":{"line":56,"column":3}},"line":30},"4":{"name":"(anonymous_4)","decl":{"start":{"line":36,"column":12},"end":{"line":36,"column":13}},"loc":{"start":{"line":36,"column":20},"end":{"line":52,"column":7}},"line":36},"5":{"name":"(anonymous_5)","decl":{"start":{"line":53,"column":13},"end":{"line":53,"column":14}},"loc":{"start":{"line":53,"column":20},"end":{"line":55,"column":7}},"line":53},"6":{"name":"(anonymous_6)","decl":{"start":{"line":58,"column":2},"end":{"line":58,"column":3}},"loc":{"start":{"line":58,"column":32},"end":{"line":68,"column":3}},"line":58},"7":{"name":"(anonymous_7)","decl":{"start":{"line":62,"column":12},"end":{"line":62,"column":13}},"loc":{"start":{"line":62,"column":20},"end":{"line":64,"column":7}},"line":62},"8":{"name":"(anonymous_8)","decl":{"start":{"line":65,"column":13},"end":{"line":65,"column":14}},"loc":{"start":{"line":65,"column":20},"end":{"line":67,"column":7}},"line":65},"9":{"name":"(anonymous_9)","decl":{"start":{"line":70,"column":2},"end":{"line":70,"column":3}},"loc":{"start":{"line":70,"column":42},"end":{"line":93,"column":3}},"line":70},"10":{"name":"(anonymous_10)","decl":{"start":{"line":89,"column":12},"end":{"line":89,"column":13}},"loc":{"start":{"line":89,"column":18},"end":{"line":91,"column":7}},"line":89},"11":{"name":"(anonymous_11)","decl":{"start":{"line":95,"column":2},"end":{"line":95,"column":3}},"loc":{"start":{"line":95,"column":35},"end":{"line":106,"column":3}},"line":95}},"branchMap":{"0":{"loc":{"start":{"line":37,"column":10},"end":{"line":51,"column":11}},"type":"if","locations":[{"start":{"line":37,"column":10},"end":{"line":51,"column":11}},{"start":{"line":37,"column":10},"end":{"line":51,"column":11}}],"line":37},"1":{"loc":{"start":{"line":40,"column":14},"end":{"line":50,"column":15}},"type":"if","locations":[{"start":{"line":40,"column":14},"end":{"line":50,"column":15}},{"start":{"line":40,"column":14},"end":{"line":50,"column":15}}],"line":40}},"s":{"0":2,"1":2,"2":2,"3":12,"4":12,"5":1,"6":1,"7":11,"8":3,"9":3,"10":3,"11":3,"12":1,"13":2,"14":1,"15":1,"16":1,"17":1,"18":0,"19":0,"20":0,"21":0,"22":4,"23":4,"24":4,"25":1,"26":0,"27":0,"28":0,"29":0,"30":2},"f":{"0":12,"1":1,"2":11,"3":3,"4":3,"5":0,"6":0,"7":0,"8":0,"9":4,"10":1,"11":0},"b":{"0":[1,2],"1":[1,1]},"_coverageSchema":"1a1c01bbd47fc00a2c39e90264f33305004495a9","hash":"923e8b63f07e5259c1b568a5f538adf2a0c757da"}
,"/home/kanz/Documents/Server/controllers/client_controllers.js": {"path":"/home/kanz/Documents/Server/controllers/client_controllers.js","statementMap":{"0":{"start":{"line":1,"column":30},"end":{"line":1,"column":56}},"1":{"start":{"line":2,"column":24},"end":{"line":2,"column":52}},"2":{"start":{"line":3,"column":23},"end":{"line":3,"column":48}},"3":{"start":{"line":7,"column":4},"end":{"line":13,"column":8}},"4":{"start":{"line":9,"column":8},"end":{"line":9,"column":34}},"5":{"start":{"line":12,"column":8},"end":{"line":12,"column":17}},"6":{"start":{"line":17,"column":77},"end":{"line":17,"column":85}},"7":{"start":{"line":18,"column":16},"end":{"line":26,"column":5}},"8":{"start":{"line":27,"column":4},"end":{"line":34,"column":6}},"9":{"start":{"line":29,"column":8},"end":{"line":29,"column":34}},"10":{"start":{"line":32,"column":8},"end":{"line":32,"column":24}},"11":{"start":{"line":33,"column":8},"end":{"line":33,"column":17}},"12":{"start":{"line":39,"column":4},"end":{"line":65,"column":5}},"13":{"start":{"line":40,"column":36},"end":{"line":40,"column":44}},"14":{"start":{"line":42,"column":23},"end":{"line":46,"column":10}},"15":{"start":{"line":47,"column":8},"end":{"line":62,"column":9}},"16":{"start":{"line":49,"column":12},"end":{"line":49,"column":52}},"17":{"start":{"line":51,"column":32},"end":{"line":51,"column":70}},"18":{"start":{"line":52,"column":12},"end":{"line":61,"column":13}},"19":{"start":{"line":53,"column":32},"end":{"line":56,"column":17}},"20":{"start":{"line":57,"column":37},"end":{"line":57,"column":56}},"21":{"start":{"line":58,"column":16},"end":{"line":58,"column":61}},"22":{"start":{"line":60,"column":16},"end":{"line":60,"column":56}},"23":{"start":{"line":64,"column":8},"end":{"line":64,"column":17}},"24":{"start":{"line":69,"column":15},"end":{"line":69,"column":29}},"25":{"start":{"line":70,"column":60},"end":{"line":70,"column":68}},"26":{"start":{"line":71,"column":16},"end":{"line":77,"column":5}},"27":{"start":{"line":79,"column":4},"end":{"line":92,"column":8}},"28":{"start":{"line":85,"column":8},"end":{"line":85,"column":34}},"29":{"start":{"line":88,"column":8},"end":{"line":88,"column":34}},"30":{"start":{"line":91,"column":8},"end":{"line":91,"column":17}},"31":{"start":{"line":96,"column":15},"end":{"line":96,"column":29}},"32":{"start":{"line":97,"column":4},"end":{"line":107,"column":8}},"33":{"start":{"line":103,"column":8},"end":{"line":103,"column":34}},"34":{"start":{"line":106,"column":8},"end":{"line":106,"column":17}},"35":{"start":{"line":111,"column":4},"end":{"line":120,"column":5}},"36":{"start":{"line":112,"column":19},"end":{"line":116,"column":8}},"37":{"start":{"line":117,"column":6},"end":{"line":117,"column":72}},"38":{"start":{"line":119,"column":6},"end":{"line":119,"column":15}},"39":{"start":{"line":124,"column":0},"end":{"line":124,"column":37}}},"fnMap":{"0":{"name":"(anonymous_0)","decl":{"start":{"line":6,"column":2},"end":{"line":6,"column":3}},"loc":{"start":{"line":6,"column":36},"end":{"line":14,"column":3}},"line":6},"1":{"name":"(anonymous_1)","decl":{"start":{"line":8,"column":12},"end":{"line":8,"column":13}},"loc":{"start":{"line":8,"column":20},"end":{"line":10,"column":7}},"line":8},"2":{"name":"(anonymous_2)","decl":{"start":{"line":11,"column":13},"end":{"line":11,"column":14}},"loc":{"start":{"line":11,"column":20},"end":{"line":13,"column":7}},"line":11},"3":{"name":"(anonymous_3)","decl":{"start":{"line":16,"column":2},"end":{"line":16,"column":3}},"loc":{"start":{"line":16,"column":34},"end":{"line":35,"column":3}},"line":16},"4":{"name":"(anonymous_4)","decl":{"start":{"line":28,"column":10},"end":{"line":28,"column":11}},"loc":{"start":{"line":28,"column":18},"end":{"line":30,"column":5}},"line":28},"5":{"name":"(anonymous_5)","decl":{"start":{"line":31,"column":11},"end":{"line":31,"column":12}},"loc":{"start":{"line":31,"column":18},"end":{"line":34,"column":5}},"line":31},"6":{"name":"(anonymous_6)","decl":{"start":{"line":37,"column":2},"end":{"line":37,"column":3}},"loc":{"start":{"line":37,"column":37},"end":{"line":66,"column":3}},"line":37},"7":{"name":"(anonymous_7)","decl":{"start":{"line":68,"column":2},"end":{"line":68,"column":3}},"loc":{"start":{"line":68,"column":32},"end":{"line":93,"column":3}},"line":68},"8":{"name":"(anonymous_8)","decl":{"start":{"line":84,"column":12},"end":{"line":84,"column":13}},"loc":{"start":{"line":84,"column":20},"end":{"line":86,"column":7}},"line":84},"9":{"name":"(anonymous_9)","decl":{"start":{"line":87,"column":12},"end":{"line":87,"column":13}},"loc":{"start":{"line":87,"column":20},"end":{"line":89,"column":7}},"line":87},"10":{"name":"(anonymous_10)","decl":{"start":{"line":90,"column":13},"end":{"line":90,"column":14}},"loc":{"start":{"line":90,"column":20},"end":{"line":92,"column":7}},"line":90},"11":{"name":"(anonymous_11)","decl":{"start":{"line":95,"column":2},"end":{"line":95,"column":3}},"loc":{"start":{"line":95,"column":37},"end":{"line":108,"column":3}},"line":95},"12":{"name":"(anonymous_12)","decl":{"start":{"line":102,"column":12},"end":{"line":102,"column":13}},"loc":{"start":{"line":102,"column":20},"end":{"line":104,"column":7}},"line":102},"13":{"name":"(anonymous_13)","decl":{"start":{"line":105,"column":13},"end":{"line":105,"column":14}},"loc":{"start":{"line":105,"column":20},"end":{"line":107,"column":7}},"line":105},"14":{"name":"(anonymous_14)","decl":{"start":{"line":110,"column":2},"end":{"line":110,"column":3}},"loc":{"start":{"line":110,"column":35},"end":{"line":121,"column":3}},"line":110}},"branchMap":{"0":{"loc":{"start":{"line":47,"column":8},"end":{"line":62,"column":9}},"type":"if","locations":[{"start":{"line":47,"column":8},"end":{"line":62,"column":9}},{"start":{"line":47,"column":8},"end":{"line":62,"column":9}}],"line":47},"1":{"loc":{"start":{"line":52,"column":12},"end":{"line":61,"column":13}},"type":"if","locations":[{"start":{"line":52,"column":12},"end":{"line":61,"column":13}},{"start":{"line":52,"column":12},"end":{"line":61,"column":13}}],"line":52}},"s":{"0":2,"1":2,"2":2,"3":0,"4":0,"5":0,"6":8,"7":8,"8":8,"9":1,"10":7,"11":7,"12":3,"13":3,"14":3,"15":3,"16":1,"17":2,"18":2,"19":1,"20":1,"21":1,"22":1,"23":0,"24":6,"25":6,"26":6,"27":6,"28":1,"29":1,"30":5,"31":1,"32":1,"33":1,"34":0,"35":0,"36":0,"37":0,"38":0,"39":2},"f":{"0":0,"1":0,"2":0,"3":8,"4":1,"5":7,"6":3,"7":6,"8":1,"9":1,"10":5,"11":1,"12":1,"13":0,"14":0},"b":{"0":[1,2],"1":[1,1]},"_coverageSchema":"1a1c01bbd47fc00a2c39e90264f33305004495a9","hash":"a3602f23737213228bdfc3d026218bb40c8bd47f"}
,"/home/kanz/Documents/Server/helpers/bcrypt.js": {"path":"/home/kanz/Documents/Server/helpers/bcrypt.js","statementMap":{"0":{"start":{"line":1,"column":15},"end":{"line":1,"column":34}},"1":{"start":{"line":4,"column":17},"end":{"line":4,"column":39}},"2":{"start":{"line":5,"column":17},"end":{"line":5,"column":47}},"3":{"start":{"line":6,"column":4},"end":{"line":6,"column":15}},"4":{"start":{"line":10,"column":4},"end":{"line":10,"column":44}},"5":{"start":{"line":13,"column":0},"end":{"line":16,"column":1}}},"fnMap":{"0":{"name":"hashPass","decl":{"start":{"line":3,"column":9},"end":{"line":3,"column":17}},"loc":{"start":{"line":3,"column":27},"end":{"line":7,"column":1}},"line":3},"1":{"name":"comparePass","decl":{"start":{"line":9,"column":9},"end":{"line":9,"column":20}},"loc":{"start":{"line":9,"column":36},"end":{"line":11,"column":1}},"line":9}},"branchMap":{},"s":{"0":2,"1":8,"2":8,"3":8,"4":4,"5":2},"f":{"0":8,"1":4},"b":{},"_coverageSchema":"1a1c01bbd47fc00a2c39e90264f33305004495a9","hash":"33f5f3798d2c032e1ac7144153221863c24a398b"}
,"/home/kanz/Documents/Server/helpers/jwt.js": {"path":"/home/kanz/Documents/Server/helpers/jwt.js","statementMap":{"0":{"start":{"line":1,"column":12},"end":{"line":1,"column":35}},"1":{"start":{"line":2,"column":0},"end":{"line":2,"column":26}},"2":{"start":{"line":5,"column":18},"end":{"line":5,"column":57}},"3":{"start":{"line":6,"column":4},"end":{"line":6,"column":16}},"4":{"start":{"line":10,"column":20},"end":{"line":10,"column":61}},"5":{"start":{"line":11,"column":4},"end":{"line":11,"column":18}},"6":{"start":{"line":14,"column":0},"end":{"line":17,"column":1}}},"fnMap":{"0":{"name":"loginToken","decl":{"start":{"line":4,"column":9},"end":{"line":4,"column":19}},"loc":{"start":{"line":4,"column":27},"end":{"line":7,"column":1}},"line":4},"1":{"name":"verifyToken","decl":{"start":{"line":9,"column":9},"end":{"line":9,"column":20}},"loc":{"start":{"line":9,"column":28},"end":{"line":12,"column":1}},"line":9}},"branchMap":{},"s":{"0":2,"1":2,"2":6,"3":6,"4":16,"5":13,"6":2},"f":{"0":6,"1":16},"b":{},"_coverageSchema":"1a1c01bbd47fc00a2c39e90264f33305004495a9","hash":"ba85bac81222a2077aa9862874067b026ccd794b"}
,"/home/kanz/Documents/Server/middlewares/auth-client.js": {"path":"/home/kanz/Documents/Server/middlewares/auth-client.js","statementMap":{"0":{"start":{"line":1,"column":24},"end":{"line":1,"column":49}},"1":{"start":{"line":2,"column":19},"end":{"line":2,"column":45}},"2":{"start":{"line":5,"column":4},"end":{"line":26,"column":5}},"3":{"start":{"line":6,"column":29},"end":{"line":6,"column":53}},"4":{"start":{"line":7,"column":8},"end":{"line":23,"column":9}},"5":{"start":{"line":8,"column":12},"end":{"line":8,"column":51}},"6":{"start":{"line":10,"column":28},"end":{"line":10,"column":53}},"7":{"start":{"line":11,"column":27},"end":{"line":15,"column":14}},"8":{"start":{"line":16,"column":12},"end":{"line":22,"column":13}},"9":{"start":{"line":17,"column":16},"end":{"line":17,"column":58}},"10":{"start":{"line":19,"column":16},"end":{"line":19,"column":44}},"11":{"start":{"line":20,"column":16},"end":{"line":20,"column":40}},"12":{"start":{"line":21,"column":16},"end":{"line":21,"column":22}},"13":{"start":{"line":25,"column":8},"end":{"line":25,"column":17}},"14":{"start":{"line":30,"column":4},"end":{"line":42,"column":10}},"15":{"start":{"line":34,"column":12},"end":{"line":38,"column":13}},"16":{"start":{"line":35,"column":16},"end":{"line":35,"column":46}},"17":{"start":{"line":37,"column":16},"end":{"line":37,"column":22}},"18":{"start":{"line":41,"column":12},"end":{"line":41,"column":21}},"19":{"start":{"line":45,"column":0},"end":{"line":45,"column":58}}},"fnMap":{"0":{"name":"authenticationClient","decl":{"start":{"line":4,"column":15},"end":{"line":4,"column":35}},"loc":{"start":{"line":4,"column":52},"end":{"line":27,"column":1}},"line":4},"1":{"name":"authorizeClient","decl":{"start":{"line":29,"column":9},"end":{"line":29,"column":24}},"loc":{"start":{"line":29,"column":42},"end":{"line":43,"column":1}},"line":29},"2":{"name":"(anonymous_2)","decl":{"start":{"line":33,"column":14},"end":{"line":33,"column":15}},"loc":{"start":{"line":33,"column":22},"end":{"line":39,"column":9}},"line":33},"3":{"name":"(anonymous_3)","decl":{"start":{"line":40,"column":15},"end":{"line":40,"column":16}},"loc":{"start":{"line":40,"column":22},"end":{"line":42,"column":9}},"line":40}},"branchMap":{"0":{"loc":{"start":{"line":7,"column":8},"end":{"line":23,"column":9}},"type":"if","locations":[{"start":{"line":7,"column":8},"end":{"line":23,"column":9}},{"start":{"line":7,"column":8},"end":{"line":23,"column":9}}],"line":7},"1":{"loc":{"start":{"line":16,"column":12},"end":{"line":22,"column":13}},"type":"if","locations":[{"start":{"line":16,"column":12},"end":{"line":22,"column":13}},{"start":{"line":16,"column":12},"end":{"line":22,"column":13}}],"line":16},"2":{"loc":{"start":{"line":34,"column":12},"end":{"line":38,"column":13}},"type":"if","locations":[{"start":{"line":34,"column":12},"end":{"line":38,"column":13}},{"start":{"line":34,"column":12},"end":{"line":38,"column":13}}],"line":34}},"s":{"0":2,"1":2,"2":11,"3":11,"4":11,"5":1,"6":10,"7":8,"8":8,"9":0,"10":8,"11":8,"12":8,"13":3,"14":8,"15":8,"16":0,"17":7,"18":1,"19":2},"f":{"0":11,"1":8,"2":8,"3":1},"b":{"0":[1,10],"1":[0,8],"2":[0,7]},"_coverageSchema":"1a1c01bbd47fc00a2c39e90264f33305004495a9","hash":"7f84e9ee5dc2cdc32e65d50d94033ad357e05bbc"}
,"/home/kanz/Documents/Server/middlewares/auth-therapist.js": {"path":"/home/kanz/Documents/Server/middlewares/auth-therapist.js","statementMap":{"0":{"start":{"line":1,"column":24},"end":{"line":1,"column":49}},"1":{"start":{"line":2,"column":22},"end":{"line":2,"column":48}},"2":{"start":{"line":5,"column":4},"end":{"line":22,"column":5}},"3":{"start":{"line":6,"column":24},"end":{"line":6,"column":61}},"4":{"start":{"line":8,"column":26},"end":{"line":12,"column":10}},"5":{"start":{"line":13,"column":8},"end":{"line":18,"column":9}},"6":{"start":{"line":14,"column":12},"end":{"line":14,"column":54}},"7":{"start":{"line":16,"column":12},"end":{"line":16,"column":43}},"8":{"start":{"line":17,"column":12},"end":{"line":17,"column":18}},"9":{"start":{"line":21,"column":8},"end":{"line":21,"column":17}},"10":{"start":{"line":26,"column":4},"end":{"line":38,"column":10}},"11":{"start":{"line":30,"column":12},"end":{"line":34,"column":13}},"12":{"start":{"line":31,"column":16},"end":{"line":31,"column":46}},"13":{"start":{"line":33,"column":16},"end":{"line":33,"column":22}},"14":{"start":{"line":37,"column":12},"end":{"line":37,"column":21}},"15":{"start":{"line":41,"column":0},"end":{"line":44,"column":1}}},"fnMap":{"0":{"name":"authenticationTherapist","decl":{"start":{"line":4,"column":15},"end":{"line":4,"column":38}},"loc":{"start":{"line":4,"column":55},"end":{"line":23,"column":1}},"line":4},"1":{"name":"authorizeTherapist","decl":{"start":{"line":25,"column":9},"end":{"line":25,"column":27}},"loc":{"start":{"line":25,"column":45},"end":{"line":39,"column":1}},"line":25},"2":{"name":"(anonymous_2)","decl":{"start":{"line":29,"column":14},"end":{"line":29,"column":15}},"loc":{"start":{"line":29,"column":22},"end":{"line":35,"column":9}},"line":29},"3":{"name":"(anonymous_3)","decl":{"start":{"line":36,"column":15},"end":{"line":36,"column":16}},"loc":{"start":{"line":36,"column":22},"end":{"line":38,"column":9}},"line":36}},"branchMap":{"0":{"loc":{"start":{"line":13,"column":8},"end":{"line":18,"column":9}},"type":"if","locations":[{"start":{"line":13,"column":8},"end":{"line":18,"column":9}},{"start":{"line":13,"column":8},"end":{"line":18,"column":9}}],"line":13},"1":{"loc":{"start":{"line":30,"column":12},"end":{"line":34,"column":13}},"type":"if","locations":[{"start":{"line":30,"column":12},"end":{"line":34,"column":13}},{"start":{"line":30,"column":12},"end":{"line":34,"column":13}}],"line":30}},"s":{"0":2,"1":2,"2":6,"3":6,"4":5,"5":5,"6":0,"7":5,"8":5,"9":1,"10":5,"11":5,"12":1,"13":4,"14":0,"15":2},"f":{"0":6,"1":5,"2":5,"3":0},"b":{"0":[0,5],"1":[1,4]},"_coverageSchema":"1a1c01bbd47fc00a2c39e90264f33305004495a9","hash":"4c5d2b763c163d1c08289dc662d59bdd911a7fb4"}
,"/home/kanz/Documents/Server/middlewares/error_handler.js": {"path":"/home/kanz/Documents/Server/middlewares/error_handler.js","statementMap":{"0":{"start":{"line":2,"column":4},"end":{"line":44,"column":5}},"1":{"start":{"line":6,"column":12},"end":{"line":43,"column":13}},"2":{"start":{"line":9,"column":33},"end":{"line":12,"column":22}},"3":{"start":{"line":11,"column":24},"end":{"line":11,"column":41}},"4":{"start":{"line":13,"column":20},"end":{"line":13,"column":59}},"5":{"start":{"line":14,"column":20},"end":{"line":14,"column":25}},"6":{"start":{"line":17,"column":34},"end":{"line":20,"column":22}},"7":{"start":{"line":19,"column":24},"end":{"line":19,"column":41}},"8":{"start":{"line":21,"column":20},"end":{"line":21,"column":60}},"9":{"start":{"line":22,"column":20},"end":{"line":22,"column":25}},"10":{"start":{"line":24,"column":20},"end":{"line":24,"column":76}},"11":{"start":{"line":25,"column":20},"end":{"line":25,"column":25}},"12":{"start":{"line":27,"column":20},"end":{"line":27,"column":69}},"13":{"start":{"line":28,"column":20},"end":{"line":28,"column":25}},"14":{"start":{"line":30,"column":20},"end":{"line":30,"column":67}},"15":{"start":{"line":31,"column":20},"end":{"line":31,"column":25}},"16":{"start":{"line":33,"column":20},"end":{"line":33,"column":79}},"17":{"start":{"line":34,"column":20},"end":{"line":34,"column":25}},"18":{"start":{"line":36,"column":20},"end":{"line":36,"column":79}},"19":{"start":{"line":37,"column":20},"end":{"line":37,"column":26}},"20":{"start":{"line":39,"column":20},"end":{"line":39,"column":79}},"21":{"start":{"line":41,"column":20},"end":{"line":41,"column":76}},"22":{"start":{"line":42,"column":20},"end":{"line":42,"column":25}},"23":{"start":{"line":47,"column":0},"end":{"line":47,"column":33}}},"fnMap":{"0":{"name":"errorHandler","decl":{"start":{"line":1,"column":9},"end":{"line":1,"column":21}},"loc":{"start":{"line":1,"column":43},"end":{"line":45,"column":1}},"line":1},"1":{"name":"(anonymous_1)","decl":{"start":{"line":9,"column":48},"end":{"line":9,"column":49}},"loc":{"start":{"line":9,"column":54},"end":{"line":12,"column":21}},"line":9},"2":{"name":"(anonymous_2)","decl":{"start":{"line":17,"column":49},"end":{"line":17,"column":50}},"loc":{"start":{"line":17,"column":55},"end":{"line":20,"column":21}},"line":17}},"branchMap":{"0":{"loc":{"start":{"line":2,"column":4},"end":{"line":44,"column":5}},"type":"if","locations":[{"start":{"line":2,"column":4},"end":{"line":44,"column":5}},{"start":{"line":2,"column":4},"end":{"line":44,"column":5}}],"line":2},"1":{"loc":{"start":{"line":6,"column":12},"end":{"line":43,"column":13}},"type":"switch","locations":[{"start":{"line":7,"column":16},"end":{"line":14,"column":25}},{"start":{"line":15,"column":16},"end":{"line":22,"column":25}},{"start":{"line":23,"column":16},"end":{"line":25,"column":25}},{"start":{"line":26,"column":16},"end":{"line":28,"column":25}},{"start":{"line":29,"column":16},"end":{"line":31,"column":25}},{"start":{"line":32,"column":16},"end":{"line":34,"column":25}},{"start":{"line":35,"column":16},"end":{"line":37,"column":26}},{"start":{"line":38,"column":16},"end":{"line":39,"column":79}},{"start":{"line":40,"column":16},"end":{"line":42,"column":25}}],"line":6}},"s":{"0":36,"1":36,"2":26,"3":32,"4":26,"5":26,"6":0,"7":0,"8":0,"9":0,"10":0,"11":0,"12":0,"13":0,"14":1,"15":1,"16":4,"17":4,"18":3,"19":3,"20":1,"21":2,"22":1,"23":2},"f":{"0":36,"1":32,"2":0},"b":{"0":[36,0],"1":[26,0,0,0,1,4,3,1,2]},"_coverageSchema":"1a1c01bbd47fc00a2c39e90264f33305004495a9","hash":"c0c80bb112fa5c09de0b824ead8454f68bbf5de8"}
,"/home/kanz/Documents/Server/models/client.js": {"path":"/home/kanz/Documents/Server/models/client.js","statementMap":{"0":{"start":{"line":4,"column":4},"end":{"line":4,"column":24}},"1":{"start":{"line":5,"column":21},"end":{"line":5,"column":49}},"2":{"start":{"line":6,"column":0},"end":{"line":90,"column":2}},"3":{"start":{"line":15,"column":6},"end":{"line":17,"column":8}},"4":{"start":{"line":18,"column":6},"end":{"line":20,"column":8}},"5":{"start":{"line":23,"column":2},"end":{"line":88,"column":5}},"6":{"start":{"line":83,"column":8},"end":{"line":83,"column":51}},"7":{"start":{"line":89,"column":2},"end":{"line":89,"column":16}}},"fnMap":{"0":{"name":"(anonymous_0)","decl":{"start":{"line":6,"column":17},"end":{"line":6,"column":18}},"loc":{"start":{"line":6,"column":43},"end":{"line":90,"column":1}},"line":6},"1":{"name":"(anonymous_1)","decl":{"start":{"line":13,"column":4},"end":{"line":13,"column":5}},"loc":{"start":{"line":13,"column":29},"end":{"line":21,"column":5}},"line":13},"2":{"name":"(anonymous_2)","decl":{"start":{"line":82,"column":6},"end":{"line":82,"column":7}},"loc":{"start":{"line":82,"column":26},"end":{"line":84,"column":7}},"line":82}},"branchMap":{},"s":{"0":2,"1":2,"2":2,"3":2,"4":2,"5":2,"6":4,"7":2},"f":{"0":2,"1":2,"2":4},"b":{},"_coverageSchema":"1a1c01bbd47fc00a2c39e90264f33305004495a9","hash":"e0e0c42eed99ef32582bfb1fdf42d0b75d47ba2d"}
,"/home/kanz/Documents/Server/models/index.js": {"path":"/home/kanz/Documents/Server/models/index.js","statementMap":{"0":{"start":{"line":3,"column":11},"end":{"line":3,"column":24}},"1":{"start":{"line":4,"column":13},"end":{"line":4,"column":28}},"2":{"start":{"line":5,"column":18},"end":{"line":5,"column":38}},"3":{"start":{"line":6,"column":17},"end":{"line":6,"column":42}},"4":{"start":{"line":7,"column":12},"end":{"line":7,"column":49}},"5":{"start":{"line":8,"column":15},"end":{"line":8,"column":63}},"6":{"start":{"line":9,"column":11},"end":{"line":9,"column":13}},"7":{"start":{"line":12,"column":0},"end":{"line":16,"column":1}},"8":{"start":{"line":13,"column":2},"end":{"line":13,"column":74}},"9":{"start":{"line":15,"column":2},"end":{"line":15,"column":87}},"10":{"start":{"line":18,"column":0},"end":{"line":26,"column":5}},"11":{"start":{"line":21,"column":4},"end":{"line":21,"column":90}},"12":{"start":{"line":24,"column":18},"end":{"line":24,"column":85}},"13":{"start":{"line":25,"column":4},"end":{"line":25,"column":27}},"14":{"start":{"line":28,"column":0},"end":{"line":32,"column":3}},"15":{"start":{"line":29,"column":2},"end":{"line":31,"column":3}},"16":{"start":{"line":30,"column":4},"end":{"line":30,"column":32}},"17":{"start":{"line":34,"column":0},"end":{"line":34,"column":25}},"18":{"start":{"line":35,"column":0},"end":{"line":35,"column":25}},"19":{"start":{"line":37,"column":0},"end":{"line":37,"column":20}}},"fnMap":{"0":{"name":"(anonymous_0)","decl":{"start":{"line":20,"column":10},"end":{"line":20,"column":11}},"loc":{"start":{"line":20,"column":18},"end":{"line":22,"column":3}},"line":20},"1":{"name":"(anonymous_1)","decl":{"start":{"line":23,"column":11},"end":{"line":23,"column":12}},"loc":{"start":{"line":23,"column":19},"end":{"line":26,"column":3}},"line":23},"2":{"name":"(anonymous_2)","decl":{"start":{"line":28,"column":24},"end":{"line":28,"column":25}},"loc":{"start":{"line":28,"column":37},"end":{"line":32,"column":1}},"line":28}},"branchMap":{"0":{"loc":{"start":{"line":7,"column":12},"end":{"line":7,"column":49}},"type":"binary-expr","locations":[{"start":{"line":7,"column":12},"end":{"line":7,"column":32}},{"start":{"line":7,"column":36},"end":{"line":7,"column":49}}],"line":7},"1":{"loc":{"start":{"line":12,"column":0},"end":{"line":16,"column":1}},"type":"if","locations":[{"start":{"line":12,"column":0},"end":{"line":16,"column":1}},{"start":{"line":12,"column":0},"end":{"line":16,"column":1}}],"line":12},"2":{"loc":{"start":{"line":21,"column":11},"end":{"line":21,"column":89}},"type":"binary-expr","locations":[{"start":{"line":21,"column":12},"end":{"line":21,"column":35}},{"start":{"line":21,"column":41},"end":{"line":21,"column":58}},{"start":{"line":21,"column":64},"end":{"line":21,"column":88}}],"line":21},"3":{"loc":{"start":{"line":29,"column":2},"end":{"line":31,"column":3}},"type":"if","locations":[{"start":{"line":29,"column":2},"end":{"line":31,"column":3}},{"start":{"line":29,"column":2},"end":{"line":31,"column":3}}],"line":29}},"s":{"0":2,"1":2,"2":2,"3":2,"4":2,"5":2,"6":2,"7":2,"8":0,"9":2,"10":2,"11":10,"12":8,"13":8,"14":2,"15":8,"16":8,"17":2,"18":2,"19":2},"f":{"0":10,"1":8,"2":8},"b":{"0":[2,0],"1":[0,2],"2":[10,10,8],"3":[8,0]},"_coverageSchema":"1a1c01bbd47fc00a2c39e90264f33305004495a9","hash":"5801b6996a82c2fdf311242f7c9bcce77a54c0aa"}
,"/home/kanz/Documents/Server/models/order.js": {"path":"/home/kanz/Documents/Server/models/order.js","statementMap":{"0":{"start":{"line":4,"column":4},"end":{"line":4,"column":24}},"1":{"start":{"line":5,"column":0},"end":{"line":26,"column":2}},"2":{"start":{"line":14,"column":6},"end":{"line":14,"column":36}},"3":{"start":{"line":15,"column":6},"end":{"line":15,"column":39}},"4":{"start":{"line":18,"column":2},"end":{"line":24,"column":5}},"5":{"start":{"line":25,"column":2},"end":{"line":25,"column":15}}},"fnMap":{"0":{"name":"(anonymous_0)","decl":{"start":{"line":5,"column":17},"end":{"line":5,"column":18}},"loc":{"start":{"line":5,"column":43},"end":{"line":26,"column":1}},"line":5},"1":{"name":"(anonymous_1)","decl":{"start":{"line":12,"column":4},"end":{"line":12,"column":5}},"loc":{"start":{"line":12,"column":29},"end":{"line":16,"column":5}},"line":12}},"branchMap":{},"s":{"0":2,"1":2,"2":2,"3":2,"4":2,"5":2},"f":{"0":2,"1":2},"b":{},"_coverageSchema":"1a1c01bbd47fc00a2c39e90264f33305004495a9","hash":"2c2a4748a137a88b122ac73f313d5ce3f0b9520a"}
,"/home/kanz/Documents/Server/models/review.js": {"path":"/home/kanz/Documents/Server/models/review.js","statementMap":{"0":{"start":{"line":4,"column":4},"end":{"line":4,"column":24}},"1":{"start":{"line":5,"column":0},"end":{"line":28,"column":2}},"2":{"start":{"line":14,"column":6},"end":{"line":14,"column":37}},"3":{"start":{"line":15,"column":6},"end":{"line":15,"column":40}},"4":{"start":{"line":18,"column":2},"end":{"line":26,"column":5}},"5":{"start":{"line":27,"column":2},"end":{"line":27,"column":16}}},"fnMap":{"0":{"name":"(anonymous_0)","decl":{"start":{"line":5,"column":17},"end":{"line":5,"column":18}},"loc":{"start":{"line":5,"column":43},"end":{"line":28,"column":1}},"line":5},"1":{"name":"(anonymous_1)","decl":{"start":{"line":12,"column":4},"end":{"line":12,"column":5}},"loc":{"start":{"line":12,"column":29},"end":{"line":16,"column":5}},"line":12}},"branchMap":{},"s":{"0":2,"1":2,"2":2,"3":2,"4":2,"5":2},"f":{"0":2,"1":2},"b":{},"_coverageSchema":"1a1c01bbd47fc00a2c39e90264f33305004495a9","hash":"38a04febb2de42961b9576fbfaeceaf8f58dfc66"}
,"/home/kanz/Documents/Server/models/therapist.js": {"path":"/home/kanz/Documents/Server/models/therapist.js","statementMap":{"0":{"start":{"line":4,"column":4},"end":{"line":4,"column":24}},"1":{"start":{"line":5,"column":21},"end":{"line":5,"column":49}},"2":{"start":{"line":6,"column":0},"end":{"line":122,"column":2}},"3":{"start":{"line":15,"column":6},"end":{"line":17,"column":8}},"4":{"start":{"line":18,"column":6},"end":{"line":20,"column":8}},"5":{"start":{"line":23,"column":2},"end":{"line":120,"column":5}},"6":{"start":{"line":113,"column":8},"end":{"line":113,"column":57}},"7":{"start":{"line":114,"column":8},"end":{"line":114,"column":32}},"8":{"start":{"line":115,"column":8},"end":{"line":115,"column":28}},"9":{"start":{"line":121,"column":2},"end":{"line":121,"column":19}}},"fnMap":{"0":{"name":"(anonymous_0)","decl":{"start":{"line":6,"column":17},"end":{"line":6,"column":18}},"loc":{"start":{"line":6,"column":43},"end":{"line":122,"column":1}},"line":6},"1":{"name":"(anonymous_1)","decl":{"start":{"line":13,"column":4},"end":{"line":13,"column":5}},"loc":{"start":{"line":13,"column":29},"end":{"line":21,"column":5}},"line":13},"2":{"name":"(anonymous_2)","decl":{"start":{"line":112,"column":6},"end":{"line":112,"column":7}},"loc":{"start":{"line":112,"column":29},"end":{"line":116,"column":7}},"line":112}},"branchMap":{},"s":{"0":2,"1":2,"2":2,"3":2,"4":2,"5":2,"6":4,"7":4,"8":4,"9":2},"f":{"0":2,"1":2,"2":4},"b":{},"_coverageSchema":"1a1c01bbd47fc00a2c39e90264f33305004495a9","hash":"319aa83aec3e8737b5104f998c4503e2c509676b"}
,"/home/kanz/Documents/Server/routes/client.js": {"path":"/home/kanz/Documents/Server/routes/client.js","statementMap":{"0":{"start":{"line":1,"column":28},"end":{"line":1,"column":73}},"1":{"start":{"line":2,"column":50},"end":{"line":2,"column":88}},"2":{"start":{"line":3,"column":27},"end":{"line":3,"column":71}},"3":{"start":{"line":5,"column":16},"end":{"line":5,"column":43}},"4":{"start":{"line":8,"column":0},"end":{"line":8,"column":51}},"5":{"start":{"line":9,"column":0},"end":{"line":9,"column":45}},"6":{"start":{"line":10,"column":0},"end":{"line":10,"column":32}},"7":{"start":{"line":11,"column":0},"end":{"line":11,"column":60}},"8":{"start":{"line":12,"column":0},"end":{"line":12,"column":63}},"9":{"start":{"line":13,"column":0},"end":{"line":13,"column":72}},"10":{"start":{"line":17,"column":0},"end":{"line":17,"column":23}}},"fnMap":{},"branchMap":{},"s":{"0":2,"1":2,"2":2,"3":2,"4":2,"5":2,"6":2,"7":2,"8":2,"9":2,"10":2},"f":{},"b":{},"_coverageSchema":"1a1c01bbd47fc00a2c39e90264f33305004495a9","hash":"49321751c2b88c1ade37ccc6400ea227fc350b6d"}
,"/home/kanz/Documents/Server/routes/index.js": {"path":"/home/kanz/Documents/Server/routes/index.js","statementMap":{"0":{"start":{"line":2,"column":16},"end":{"line":2,"column":43}},"1":{"start":{"line":3,"column":24},"end":{"line":3,"column":46}},"2":{"start":{"line":4,"column":21},"end":{"line":4,"column":40}},"3":{"start":{"line":6,"column":0},"end":{"line":6,"column":34}},"4":{"start":{"line":7,"column":0},"end":{"line":7,"column":40}},"5":{"start":{"line":12,"column":0},"end":{"line":12,"column":23}}},"fnMap":{},"branchMap":{},"s":{"0":2,"1":2,"2":2,"3":2,"4":2,"5":2},"f":{},"b":{},"_coverageSchema":"1a1c01bbd47fc00a2c39e90264f33305004495a9","hash":"4d35acdfd7abfaeb0942e3e408c35d5089a21d7d"}
,"/home/kanz/Documents/Server/routes/therapist.js": {"path":"/home/kanz/Documents/Server/routes/therapist.js","statementMap":{"0":{"start":{"line":1,"column":28},"end":{"line":1,"column":73}},"1":{"start":{"line":2,"column":56},"end":{"line":2,"column":96}},"2":{"start":{"line":4,"column":16},"end":{"line":4,"column":43}},"3":{"start":{"line":7,"column":0},"end":{"line":7,"column":54}},"4":{"start":{"line":8,"column":0},"end":{"line":8,"column":48}},"5":{"start":{"line":10,"column":0},"end":{"line":10,"column":35}},"6":{"start":{"line":11,"column":0},"end":{"line":11,"column":75}},"7":{"start":{"line":12,"column":0},"end":{"line":12,"column":69}},"8":{"start":{"line":14,"column":0},"end":{"line":14,"column":23}}},"fnMap":{},"branchMap":{},"s":{"0":2,"1":2,"2":2,"3":2,"4":2,"5":2,"6":2,"7":2,"8":2},"f":{},"b":{},"_coverageSchema":"1a1c01bbd47fc00a2c39e90264f33305004495a9","hash":"8a2d09135a85a955d27e2cf36605690fa656bf61"}
,"/home/kanz/Documents/Server/test/helpers/helpers_client.js": {"path":"/home/kanz/Documents/Server/test/helpers/helpers_client.js","statementMap":{"0":{"start":{"line":1,"column":30},"end":{"line":1,"column":53}},"1":{"start":{"line":2,"column":27},"end":{"line":2,"column":36}},"2":{"start":{"line":5,"column":4},"end":{"line":7,"column":5}},"3":{"start":{"line":6,"column":8},"end":{"line":6,"column":43}},"4":{"start":{"line":11,"column":4},"end":{"line":22,"column":5}},"5":{"start":{"line":12,"column":20},"end":{"line":20,"column":9}},"6":{"start":{"line":21,"column":8},"end":{"line":21,"column":33}},"7":{"start":{"line":25,"column":0},"end":{"line":25,"column":49}}},"fnMap":{"0":{"name":"clearClients","decl":{"start":{"line":4,"column":9},"end":{"line":4,"column":21}},"loc":{"start":{"line":4,"column":24},"end":{"line":8,"column":1}},"line":4},"1":{"name":"registerClient","decl":{"start":{"line":10,"column":9},"end":{"line":10,"column":23}},"loc":{"start":{"line":10,"column":26},"end":{"line":23,"column":1}},"line":10}},"branchMap":{"0":{"loc":{"start":{"line":5,"column":4},"end":{"line":7,"column":5}},"type":"if","locations":[{"start":{"line":5,"column":4},"end":{"line":7,"column":5}},{"start":{"line":5,"column":4},"end":{"line":7,"column":5}}],"line":5},"1":{"loc":{"start":{"line":11,"column":4},"end":{"line":22,"column":5}},"type":"if","locations":[{"start":{"line":11,"column":4},"end":{"line":22,"column":5}},{"start":{"line":11,"column":4},"end":{"line":22,"column":5}}],"line":11}},"s":{"0":2,"1":2,"2":4,"3":4,"4":3,"5":3,"6":3,"7":2},"f":{"0":4,"1":3},"b":{"0":[4,0],"1":[3,0]},"_coverageSchema":"1a1c01bbd47fc00a2c39e90264f33305004495a9","hash":"1baa38cc7f53a3e90f7d491c8c4abf30d379f638"}
,"/home/kanz/Documents/Server/test/helpers/helpers_therapist.js": {"path":"/home/kanz/Documents/Server/test/helpers/helpers_therapist.js","statementMap":{"0":{"start":{"line":1,"column":33},"end":{"line":1,"column":56}},"1":{"start":{"line":2,"column":27},"end":{"line":2,"column":36}},"2":{"start":{"line":5,"column":4},"end":{"line":7,"column":5}},"3":{"start":{"line":6,"column":8},"end":{"line":6,"column":46}},"4":{"start":{"line":11,"column":4},"end":{"line":25,"column":5}},"5":{"start":{"line":12,"column":20},"end":{"line":23,"column":9}},"6":{"start":{"line":24,"column":8},"end":{"line":24,"column":36}},"7":{"start":{"line":28,"column":0},"end":{"line":28,"column":55}}},"fnMap":{"0":{"name":"clearTherapists","decl":{"start":{"line":4,"column":9},"end":{"line":4,"column":24}},"loc":{"start":{"line":4,"column":27},"end":{"line":8,"column":1}},"line":4},"1":{"name":"registerTherapist","decl":{"start":{"line":10,"column":9},"end":{"line":10,"column":26}},"loc":{"start":{"line":10,"column":30},"end":{"line":26,"column":1}},"line":10}},"branchMap":{"0":{"loc":{"start":{"line":5,"column":4},"end":{"line":7,"column":5}},"type":"if","locations":[{"start":{"line":5,"column":4},"end":{"line":7,"column":5}},{"start":{"line":5,"column":4},"end":{"line":7,"column":5}}],"line":5},"1":{"loc":{"start":{"line":11,"column":4},"end":{"line":25,"column":5}},"type":"if","locations":[{"start":{"line":11,"column":4},"end":{"line":25,"column":5}},{"start":{"line":11,"column":4},"end":{"line":25,"column":5}}],"line":11}},"s":{"0":1,"1":1,"2":3,"3":3,"4":1,"5":1,"6":1,"7":1},"f":{"0":3,"1":1},"b":{"0":[3,0],"1":[1,0]},"_coverageSchema":"1a1c01bbd47fc00a2c39e90264f33305004495a9","hash":"a6dfd9f8c376815e59b1a71490a644252d6a8328"}
}
