TN:
SF:app.js
FN:18,(anonymous_0)
FNF:1
FNH:0
FNDA:0,(anonymous_0)
DA:1,2
DA:2,2
DA:3,2
DA:4,2
DA:5,2
DA:6,2
DA:8,2
DA:10,2
DA:11,2
DA:12,2
DA:14,2
DA:15,2
DA:17,2
DA:18,0
DA:19,0
DA:23,2
LF:16
LH:14
BRDA:3,0,0,2
BRDA:3,0,1,0
BRDA:6,1,0,2
BRDA:6,1,1,2
BRDA:17,2,0,0
BRDA:17,2,1,2
BRF:6
BRH:4
end_of_record
TN:
SF:config/config.js
FNF:0
FNH:0
DA:1,2
DA:3,2
DA:5,2
DA:6,2
DA:7,2
DA:8,2
DA:10,2
LF:7
LH:7
BRDA:1,0,0,2
BRDA:1,0,1,0
BRDA:3,1,0,2
BRDA:3,1,1,0
BRDA:3,2,0,2
BRDA:3,2,1,2
BRF:6
BRH:4
end_of_record
TN:
SF:controllers/TherapistController.js
FN:6,(anonymous_0)
FN:20,(anonymous_1)
FN:24,(anonymous_2)
FN:30,(anonymous_3)
FN:36,(anonymous_4)
FN:53,(anonymous_5)
FN:58,(anonymous_6)
FN:62,(anonymous_7)
FN:65,(anonymous_8)
FN:70,(anonymous_9)
FN:89,(anonymous_10)
FN:95,(anonymous_11)
FNF:12
FNH:7
FNDA:12,(anonymous_0)
FNDA:1,(anonymous_1)
FNDA:11,(anonymous_2)
FNDA:3,(anonymous_3)
FNDA:3,(anonymous_4)
FNDA:0,(anonymous_5)
FNDA:0,(anonymous_6)
FNDA:0,(anonymous_7)
FNDA:0,(anonymous_8)
FNDA:4,(anonymous_9)
FNDA:1,(anonymous_10)
FNDA:0,(anonymous_11)
DA:1,2
DA:2,2
DA:3,2
DA:7,12
DA:19,12
DA:21,1
DA:22,1
DA:25,11
DA:31,3
DA:32,3
DA:33,3
DA:37,3
DA:38,1
DA:40,2
DA:42,1
DA:46,1
DA:47,1
DA:49,1
DA:54,0
DA:59,0
DA:63,0
DA:66,0
DA:71,4
DA:72,4
DA:86,4
DA:90,1
DA:96,0
DA:97,0
DA:102,0
DA:104,0
DA:110,2
LF:31
LH:23
BRDA:37,0,0,1
BRDA:37,0,1,2
BRDA:40,1,0,1
BRDA:40,1,1,1
BRF:4
BRH:4
end_of_record
TN:
SF:controllers/client_controllers.js
FN:6,(anonymous_0)
FN:8,(anonymous_1)
FN:11,(anonymous_2)
FN:16,(anonymous_3)
FN:28,(anonymous_4)
FN:31,(anonymous_5)
FN:37,(anonymous_6)
FN:68,(anonymous_7)
FN:84,(anonymous_8)
FN:87,(anonymous_9)
FN:90,(anonymous_10)
FN:95,(anonymous_11)
FN:102,(anonymous_12)
FN:105,(anonymous_13)
FN:110,(anonymous_14)
FNF:15
FNH:10
FNDA:0,(anonymous_0)
FNDA:0,(anonymous_1)
FNDA:0,(anonymous_2)
FNDA:8,(anonymous_3)
FNDA:1,(anonymous_4)
FNDA:7,(anonymous_5)
FNDA:3,(anonymous_6)
FNDA:6,(anonymous_7)
FNDA:1,(anonymous_8)
FNDA:1,(anonymous_9)
FNDA:5,(anonymous_10)
FNDA:1,(anonymous_11)
FNDA:1,(anonymous_12)
FNDA:0,(anonymous_13)
FNDA:0,(anonymous_14)
DA:1,2
DA:2,2
DA:3,2
DA:7,0
DA:9,0
DA:12,0
DA:17,8
DA:18,8
DA:27,8
DA:29,1
DA:32,7
DA:33,7
DA:39,3
DA:40,3
DA:42,3
DA:47,3
DA:49,1
DA:51,2
DA:52,2
DA:53,1
DA:57,1
DA:58,1
DA:60,1
DA:64,0
DA:69,6
DA:70,6
DA:71,6
DA:79,6
DA:85,1
DA:88,1
DA:91,5
DA:96,1
DA:97,1
DA:103,1
DA:106,0
DA:111,0
DA:112,0
DA:117,0
DA:119,0
DA:124,2
LF:40
LH:31
BRDA:47,0,0,1
BRDA:47,0,1,2
BRDA:52,1,0,1
BRDA:52,1,1,1
BRF:4
BRH:4
end_of_record
TN:
SF:helpers/bcrypt.js
FN:3,hashPass
FN:9,comparePass
FNF:2
FNH:2
FNDA:8,hashPass
FNDA:4,comparePass
DA:1,2
DA:4,8
DA:5,8
DA:6,8
DA:10,4
DA:13,2
LF:6
LH:6
BRF:0
BRH:0
end_of_record
TN:
SF:helpers/jwt.js
FN:4,loginToken
FN:9,verifyToken
FNF:2
FNH:2
FNDA:6,loginToken
FNDA:16,verifyToken
DA:1,2
DA:2,2
DA:5,6
DA:6,6
DA:10,16
DA:11,13
DA:14,2
LF:7
LH:7
BRF:0
BRH:0
end_of_record
TN:
SF:middlewares/auth-client.js
FN:4,authenticationClient
FN:29,authorizeClient
FN:33,(anonymous_2)
FN:40,(anonymous_3)
FNF:4
FNH:4
FNDA:11,authenticationClient
FNDA:8,authorizeClient
FNDA:8,(anonymous_2)
FNDA:1,(anonymous_3)
DA:1,2
DA:2,2
DA:5,11
DA:6,11
DA:7,11
DA:8,1
DA:10,10
DA:11,8
DA:16,8
DA:17,0
DA:19,8
DA:20,8
DA:21,8
DA:25,3
DA:30,8
DA:34,8
DA:35,0
DA:37,7
DA:41,1
DA:45,2
LF:20
LH:18
BRDA:7,0,0,1
BRDA:7,0,1,10
BRDA:16,1,0,0
BRDA:16,1,1,8
BRDA:34,2,0,0
BRDA:34,2,1,7
BRF:6
BRH:4
end_of_record
TN:
SF:middlewares/auth-therapist.js
FN:4,authenticationTherapist
FN:25,authorizeTherapist
FN:29,(anonymous_2)
FN:36,(anonymous_3)
FNF:4
FNH:3
FNDA:6,authenticationTherapist
FNDA:5,authorizeTherapist
FNDA:5,(anonymous_2)
FNDA:0,(anonymous_3)
DA:1,2
DA:2,2
DA:5,6
DA:6,6
DA:8,5
DA:13,5
DA:14,0
DA:16,5
DA:17,5
DA:21,1
DA:26,5
DA:30,5
DA:31,1
DA:33,4
DA:37,0
DA:41,2
LF:16
LH:14
BRDA:13,0,0,0
BRDA:13,0,1,5
BRDA:30,1,0,1
BRDA:30,1,1,4
BRF:4
BRH:3
end_of_record
TN:
SF:middlewares/error_handler.js
FN:1,errorHandler
FN:9,(anonymous_1)
FN:17,(anonymous_2)
FNF:3
FNH:2
FNDA:36,errorHandler
FNDA:32,(anonymous_1)
FNDA:0,(anonymous_2)
DA:2,36
DA:6,36
DA:9,26
DA:11,32
DA:13,26
DA:14,26
DA:17,0
DA:19,0
DA:21,0
DA:22,0
DA:24,0
DA:25,0
DA:27,0
DA:28,0
DA:30,1
DA:31,1
DA:33,4
DA:34,4
DA:36,3
DA:37,3
DA:39,1
DA:41,2
DA:42,1
DA:47,2
LF:24
LH:16
BRDA:2,0,0,36
BRDA:2,0,1,0
BRDA:6,1,0,26
BRDA:6,1,1,0
BRDA:6,1,2,0
BRDA:6,1,3,0
BRDA:6,1,4,1
BRDA:6,1,5,4
BRDA:6,1,6,3
BRDA:6,1,7,1
BRDA:6,1,8,2
BRF:11
BRH:7
end_of_record
TN:
SF:models/client.js
FN:6,(anonymous_0)
FN:13,(anonymous_1)
FN:82,(anonymous_2)
FNF:3
FNH:3
FNDA:2,(anonymous_0)
FNDA:2,(anonymous_1)
FNDA:4,(anonymous_2)
DA:4,2
DA:5,2
DA:6,2
DA:15,2
DA:18,2
DA:23,2
DA:83,4
DA:89,2
LF:8
LH:8
BRF:0
BRH:0
end_of_record
TN:
SF:models/index.js
FN:20,(anonymous_0)
FN:23,(anonymous_1)
FN:28,(anonymous_2)
FNF:3
FNH:3
FNDA:10,(anonymous_0)
FNDA:8,(anonymous_1)
FNDA:8,(anonymous_2)
DA:3,2
DA:4,2
DA:5,2
DA:6,2
DA:7,2
DA:8,2
DA:9,2
DA:12,2
DA:13,0
DA:15,2
DA:18,2
DA:21,10
DA:24,8
DA:25,8
DA:28,2
DA:29,8
DA:30,8
DA:34,2
DA:35,2
DA:37,2
LF:20
LH:19
BRDA:7,0,0,2
BRDA:7,0,1,0
BRDA:12,1,0,0
BRDA:12,1,1,2
BRDA:21,2,0,10
BRDA:21,2,1,10
BRDA:21,2,2,8
BRDA:29,3,0,8
BRDA:29,3,1,0
BRF:9
BRH:6
end_of_record
TN:
SF:models/order.js
FN:5,(anonymous_0)
FN:12,(anonymous_1)
FNF:2
FNH:2
FNDA:2,(anonymous_0)
FNDA:2,(anonymous_1)
DA:4,2
DA:5,2
DA:14,2
DA:15,2
DA:18,2
DA:25,2
LF:6
LH:6
BRF:0
BRH:0
end_of_record
TN:
SF:models/review.js
FN:5,(anonymous_0)
FN:12,(anonymous_1)
FNF:2
FNH:2
FNDA:2,(anonymous_0)
FNDA:2,(anonymous_1)
DA:4,2
DA:5,2
DA:14,2
DA:15,2
DA:18,2
DA:27,2
LF:6
LH:6
BRF:0
BRH:0
end_of_record
TN:
SF:models/therapist.js
FN:6,(anonymous_0)
FN:13,(anonymous_1)
FN:112,(anonymous_2)
FNF:3
FNH:3
FNDA:2,(anonymous_0)
FNDA:2,(anonymous_1)
FNDA:4,(anonymous_2)
DA:4,2
DA:5,2
DA:6,2
DA:15,2
DA:18,2
DA:23,2
DA:113,4
DA:114,4
DA:115,4
DA:121,2
LF:10
LH:10
BRF:0
BRH:0
end_of_record
TN:
SF:routes/client.js
FNF:0
FNH:0
DA:1,2
DA:2,2
DA:3,2
DA:5,2
DA:8,2
DA:9,2
DA:10,2
DA:11,2
DA:12,2
DA:13,2
DA:17,2
LF:11
LH:11
BRF:0
BRH:0
end_of_record
TN:
SF:routes/index.js
FNF:0
FNH:0
DA:2,2
DA:3,2
DA:4,2
DA:6,2
DA:7,2
DA:12,2
LF:6
LH:6
BRF:0
BRH:0
end_of_record
TN:
SF:routes/therapist.js
FNF:0
FNH:0
DA:1,2
DA:2,2
DA:4,2
DA:7,2
DA:8,2
DA:10,2
DA:11,2
DA:12,2
DA:14,2
LF:9
LH:9
BRF:0
BRH:0
end_of_record
TN:
SF:test/helpers/helpers_client.js
FN:4,clearClients
FN:10,registerClient
FNF:2
FNH:2
FNDA:4,clearClients
FNDA:3,registerClient
DA:1,2
DA:2,2
DA:5,4
DA:6,4
DA:11,3
DA:12,3
DA:21,3
DA:25,2
LF:8
LH:8
BRDA:5,0,0,4
BRDA:5,0,1,0
BRDA:11,1,0,3
BRDA:11,1,1,0
BRF:4
BRH:2
end_of_record
TN:
SF:test/helpers/helpers_therapist.js
FN:4,clearTherapists
FN:10,registerTherapist
FNF:2
FNH:2
FNDA:3,clearTherapists
FNDA:1,registerTherapist
DA:1,1
DA:2,1
DA:5,3
DA:6,3
DA:11,1
DA:12,1
DA:24,1
DA:28,1
LF:8
LH:8
BRDA:5,0,0,3
BRDA:5,0,1,0
BRDA:11,1,0,1
BRDA:11,1,1,0
BRF:4
BRH:2
end_of_record
